2021-02-25 11:44:26,879 [1] INFO : Loading configuration
2021-02-25 11:44:26,890 [1] INFO : configuration loaded
2021-02-25 11:44:26,944 [1] INFO : Stop keyboard and mouse hook
2021-02-25 11:44:27,044 [1] INFO : START CONFIG RELOAD
2021-02-25 11:44:27,045 [1] INFO : Stop keyboard and mouse hook
2021-02-25 11:44:27,045 [1] INFO : Loading configuration
2021-02-25 11:44:27,152 [1] INFO : configuration loaded
2021-02-25 11:44:27,269 [1] INFO : Loading configuration
2021-02-25 11:44:27,374 [1] INFO : configuration loaded
2021-02-25 11:44:27,382 [1] INFO : Keyboard hook started
2021-02-25 11:44:27,387 [1] INFO : Mouse hook started
2021-02-25 11:44:27,402 [1] INFO : CONFIG RELOAD SUCCESSFULLY ENDS
2021-02-25 11:44:27,402 [1] INFO : Loading configuration
2021-02-25 11:44:27,512 [1] INFO : configuration loaded
2021-02-25 11:44:27,512 [1] INFO : Keyboard hook started
2021-02-25 11:44:27,512 [1] INFO : Mouse hook started
2021-02-25 11:44:39,931 [1] INFO : Stop keyboard and mouse hook
2021-02-25 11:44:39,936 [1] INFO : START CONFIG RELOAD
2021-02-25 11:44:39,936 [1] INFO : Stop keyboard and mouse hook
2021-02-25 11:44:39,936 [1] INFO : Loading configuration
2021-02-25 11:44:39,942 [1] INFO : configuration loaded
2021-02-25 11:44:40,046 [1] INFO : Loading configuration
2021-02-25 11:44:40,053 [1] INFO : configuration loaded
2021-02-25 11:44:40,053 [1] INFO : Keyboard hook started
2021-02-25 11:44:40,054 [1] INFO : Mouse hook started
2021-02-25 11:44:40,058 [1] INFO : CONFIG RELOAD SUCCESSFULLY ENDS
2021-02-25 11:46:50,588 [1] INFO : Loading configuration
2021-02-25 11:46:50,598 [1] INFO : configuration loaded
2021-02-25 11:46:50,637 [1] INFO : Stop keyboard and mouse hook
2021-02-25 11:46:50,713 [1] INFO : START CONFIG RELOAD
2021-02-25 11:46:50,713 [1] INFO : Stop keyboard and mouse hook
2021-02-25 11:46:50,713 [1] INFO : Loading configuration
2021-02-25 11:46:50,787 [1] INFO : configuration loaded
2021-02-25 11:46:50,887 [1] INFO : Loading configuration
2021-02-25 11:46:50,969 [1] INFO : configuration loaded
2021-02-25 11:46:50,975 [1] INFO : Keyboard hook started
2021-02-25 11:46:50,977 [1] INFO : Mouse hook started
2021-02-25 11:46:50,990 [1] INFO : CONFIG RELOAD SUCCESSFULLY ENDS
2021-02-25 11:46:50,990 [1] INFO : Loading configuration
2021-02-25 11:46:51,075 [1] INFO : configuration loaded
2021-02-25 11:46:51,075 [1] INFO : Keyboard hook started
2021-02-25 11:46:51,075 [1] INFO : Mouse hook started
2021-02-25 11:47:03,817 [1] INFO : Stop keyboard and mouse hook
2021-02-25 11:47:03,824 [1] INFO : START CONFIG RELOAD
2021-02-25 11:47:03,824 [1] INFO : Stop keyboard and mouse hook
2021-02-25 11:47:03,824 [1] INFO : Loading configuration
2021-02-25 11:47:03,829 [1] INFO : configuration loaded
2021-02-25 11:47:03,927 [1] INFO : Loading configuration
2021-02-25 11:47:03,934 [1] INFO : configuration loaded
2021-02-25 11:47:03,935 [1] INFO : Keyboard hook started
2021-02-25 11:47:03,935 [1] INFO : Mouse hook started
2021-02-25 11:47:03,939 [1] INFO : CONFIG RELOAD SUCCESSFULLY ENDS
2021-02-25 11:50:48,953 [1] INFO : Loading configuration
2021-02-25 11:50:48,965 [1] INFO : configuration loaded
2021-02-25 11:50:49,006 [1] INFO : Stop keyboard and mouse hook
2021-02-25 11:50:49,096 [1] INFO : START CONFIG RELOAD
2021-02-25 11:50:49,096 [1] INFO : Stop keyboard and mouse hook
2021-02-25 11:50:49,096 [1] INFO : Loading configuration
2021-02-25 11:50:49,187 [1] INFO : configuration loaded
2021-02-25 11:50:49,296 [1] INFO : Loading configuration
2021-02-25 11:50:49,387 [1] INFO : configuration loaded
2021-02-25 11:50:49,394 [1] INFO : Keyboard hook started
2021-02-25 11:50:49,399 [1] INFO : Mouse hook started
2021-02-25 11:50:49,414 [1] INFO : CONFIG RELOAD SUCCESSFULLY ENDS
2021-02-25 11:50:49,414 [1] INFO : Loading configuration
2021-02-25 11:50:49,515 [1] INFO : configuration loaded
2021-02-25 11:50:49,515 [1] INFO : Keyboard hook started
2021-02-25 11:50:49,515 [1] INFO : Mouse hook started
2021-02-25 11:51:25,002 [1] INFO : Stop keyboard and mouse hook
2021-02-25 11:51:25,009 [1] INFO : START CONFIG RELOAD
2021-02-25 11:51:25,009 [1] INFO : Stop keyboard and mouse hook
2021-02-25 11:51:25,009 [1] INFO : Loading configuration
2021-02-25 11:51:25,015 [1] INFO : configuration loaded
2021-02-25 11:51:25,117 [1] INFO : Loading configuration
2021-02-25 11:51:25,123 [1] INFO : configuration loaded
2021-02-25 11:51:25,123 [1] INFO : Keyboard hook started
2021-02-25 11:51:25,123 [1] INFO : Mouse hook started
2021-02-25 11:51:25,128 [1] INFO : CONFIG RELOAD SUCCESSFULLY ENDS
2021-02-25 12:33:37,811 [1] WARN : No configuration loaded
2021-02-25 12:33:47,552 [1] INFO : Stop keyboard and mouse hook
2021-02-25 12:33:47,762 [1] INFO : START CONFIG RELOAD
2021-02-25 12:33:47,762 [1] INFO : Stop keyboard and mouse hook
2021-02-25 12:33:47,762 [1] WARN : No configuration loaded
2021-02-25 12:33:49,266 [1] INFO : Loading configuration
2021-02-25 12:33:49,271 [1] INFO : configuration loaded
2021-02-25 12:33:49,278 [1] INFO : Keyboard hook started
2021-02-25 12:33:49,283 [1] INFO : Mouse hook started
2021-02-25 12:33:49,298 [1] INFO : CONFIG RELOAD SUCCESSFULLY ENDS
2021-02-25 12:33:49,298 [1] INFO : Loading configuration
2021-02-25 12:33:49,493 [1] INFO : configuration loaded
2021-02-25 12:33:49,494 [1] INFO : Keyboard hook started
2021-02-25 12:33:49,494 [1] INFO : Mouse hook started
2021-02-25 12:34:01,585 [1] INFO : Stop keyboard and mouse hook
2021-02-25 12:34:01,591 [1] INFO : START CONFIG RELOAD
2021-02-25 12:34:01,591 [1] INFO : Stop keyboard and mouse hook
2021-02-25 12:34:01,845 [1] INFO : Loading configuration
2021-02-25 12:34:02,146 [1] INFO : configuration loaded
2021-02-25 12:34:02,146 [1] INFO : Keyboard hook started
2021-02-25 12:34:02,146 [1] INFO : Mouse hook started
2021-02-25 12:34:02,151 [1] INFO : CONFIG RELOAD SUCCESSFULLY ENDS
2021-02-25 12:39:27,543 [1] WARN : No configuration loaded
2021-02-25 12:43:01,901 [1] INFO : Stop keyboard and mouse hook
2021-02-25 12:43:01,996 [1] INFO : START CONFIG RELOAD
2021-02-25 12:43:01,996 [1] INFO : Stop keyboard and mouse hook
2021-02-25 12:43:01,997 [1] WARN : No configuration loaded
2021-02-25 12:44:40,339 [1] INFO : Stop keyboard and mouse hook
2021-02-25 12:44:40,447 [1] INFO : START CONFIG RELOAD
2021-02-25 12:44:40,447 [1] INFO : Stop keyboard and mouse hook
2021-02-25 12:44:40,448 [1] WARN : No configuration loaded
2021-02-25 12:44:44,875 [1] INFO : Loading configuration
2021-02-25 12:44:44,879 [1] INFO : configuration loaded
2021-02-25 12:44:44,887 [1] INFO : Keyboard hook started
2021-02-25 12:44:44,891 [1] INFO : Mouse hook started
2021-02-25 12:44:44,906 [1] INFO : CONFIG RELOAD SUCCESSFULLY ENDS
2021-02-25 12:48:08,721 [1] INFO : Stop keyboard and mouse hook
2021-02-25 12:48:08,821 [1] INFO : START CONFIG RELOAD
2021-02-25 12:48:08,821 [1] INFO : Stop keyboard and mouse hook
2021-02-25 12:48:08,821 [1] INFO : Loading configuration
2021-02-25 12:48:08,905 [1] INFO : configuration loaded
2021-02-25 12:48:08,912 [1] INFO : Keyboard hook started
2021-02-25 12:48:08,929 [1] INFO : Mouse hook started
2021-02-25 12:48:09,189 [1] INFO : CONFIG RELOAD SUCCESSFULLY ENDS
2021-02-25 12:48:14,179 [1] INFO : Loading configuration
2021-02-25 12:48:14,259 [1] INFO : configuration loaded
2021-02-25 12:48:14,259 [1] INFO : Keyboard hook started
2021-02-25 12:48:14,259 [1] INFO : Mouse hook started
2021-02-25 12:48:40,699 [1] INFO : Stop keyboard and mouse hook
2021-02-25 12:48:40,794 [1] INFO : START CONFIG RELOAD
2021-02-25 12:48:40,795 [1] INFO : Stop keyboard and mouse hook
2021-02-25 12:48:40,795 [1] INFO : Loading configuration
2021-02-25 12:48:40,876 [1] INFO : configuration loaded
2021-02-25 12:48:40,883 [1] INFO : Keyboard hook started
2021-02-25 12:48:40,887 [1] INFO : Mouse hook started
2021-02-25 12:48:41,144 [1] INFO : CONFIG RELOAD SUCCESSFULLY ENDS
2021-02-25 12:48:48,070 [1] INFO : Loading configuration
2021-02-25 12:48:48,155 [1] INFO : configuration loaded
2021-02-25 12:48:48,155 [1] INFO : Keyboard hook started
2021-02-25 12:48:48,155 [1] INFO : Mouse hook started
2021-02-25 12:52:31,431 [1] INFO : Stop keyboard and mouse hook
2021-02-25 12:52:31,538 [1] INFO : START CONFIG RELOAD
2021-02-25 12:52:31,538 [1] INFO : Stop keyboard and mouse hook
2021-02-25 12:52:31,539 [1] INFO : Loading configuration
2021-02-25 12:52:31,639 [1] INFO : configuration loaded
2021-02-25 12:52:31,645 [1] INFO : Keyboard hook started
2021-02-25 12:52:31,650 [1] INFO : Mouse hook started
2021-02-25 12:52:31,938 [1] INFO : CONFIG RELOAD SUCCESSFULLY ENDS
2021-02-25 12:52:31,938 [1] INFO : Loading configuration
2021-02-25 12:52:32,044 [1] INFO : configuration loaded
2021-02-25 12:52:32,044 [1] INFO : Keyboard hook started
2021-02-25 12:52:32,044 [1] INFO : Mouse hook started
2021-02-25 12:53:16,438 [1] INFO : Stop keyboard and mouse hook
2021-02-25 12:56:33,887 [1] INFO : START CONFIG RELOAD
2021-02-25 12:56:33,894 [1] INFO : Stop keyboard and mouse hook
2021-02-25 13:08:12,757 [1] INFO : Loading configuration
2021-02-25 13:08:12,887 [1] INFO : configuration loaded
2021-02-25 13:08:12,893 [1] INFO : Keyboard hook started
2021-02-25 13:08:12,898 [1] INFO : Mouse hook started
2021-02-25 13:08:24,378 [1] INFO : START CONFIG RELOAD
2021-02-25 13:08:24,378 [1] INFO : Stop keyboard and mouse hook
2021-02-25 13:08:42,323 [1] INFO : Loading configuration
2021-02-25 13:08:42,603 [1] INFO : configuration loaded
2021-02-25 13:08:42,603 [1] INFO : Keyboard hook started
2021-02-25 13:08:42,603 [1] INFO : Mouse hook started
2021-02-25 13:08:42,812 [1] INFO : CONFIG RELOAD SUCCESSFULLY ENDS
2021-02-25 13:09:16,383 [1] INFO : START CONFIG RELOAD
2021-02-25 13:09:16,383 [1] INFO : Stop keyboard and mouse hook
2021-02-25 13:09:16,383 [1] INFO : Loading configuration
2021-02-25 13:09:16,681 [1] INFO : configuration loaded
2021-02-25 13:09:16,681 [1] INFO : Keyboard hook started
2021-02-25 13:09:16,681 [1] INFO : Mouse hook started
2021-02-25 13:09:16,888 [1] INFO : CONFIG RELOAD SUCCESSFULLY ENDS
2021-02-25 13:09:26,045 [1] INFO : START CONFIG RELOAD
2021-02-25 13:09:26,045 [1] INFO : Stop keyboard and mouse hook
2021-02-25 13:09:26,045 [1] INFO : Loading configuration
2021-02-25 13:09:26,352 [1] INFO : configuration loaded
2021-02-25 13:09:26,352 [1] INFO : Keyboard hook started
2021-02-25 13:09:26,352 [1] INFO : Mouse hook started
2021-02-25 13:09:26,555 [1] INFO : CONFIG RELOAD SUCCESSFULLY ENDS
2021-02-25 13:09:40,220 [1] INFO : START CONFIG RELOAD
2021-02-25 13:09:40,220 [1] INFO : Stop keyboard and mouse hook
2021-02-25 13:09:40,220 [1] INFO : Loading configuration
2021-02-25 13:09:40,506 [1] INFO : configuration loaded
2021-02-25 13:09:40,506 [1] INFO : Keyboard hook started
2021-02-25 13:09:40,506 [1] INFO : Mouse hook started
2021-02-25 13:09:40,706 [1] INFO : CONFIG RELOAD SUCCESSFULLY ENDS
2021-02-25 13:12:58,972 [1] INFO : Loading configuration
2021-02-25 13:12:59,076 [1] INFO : configuration loaded
2021-02-25 13:12:59,083 [1] INFO : Keyboard hook started
2021-02-25 13:12:59,089 [1] INFO : Mouse hook started
2021-02-25 13:13:09,580 [1] INFO : START CONFIG RELOAD
2021-02-25 13:13:09,580 [1] INFO : Stop keyboard and mouse hook
2021-02-25 13:13:09,582 [1] INFO : Loading configuration
2021-02-25 13:13:09,588 [1] INFO : configuration loaded
2021-02-25 13:13:09,588 [1] INFO : Keyboard hook started
2021-02-25 13:13:09,588 [1] INFO : Mouse hook started
2021-02-25 13:13:09,696 [1] INFO : CONFIG RELOAD SUCCESSFULLY ENDS
2021-02-25 13:14:32,883 [1] INFO : START CONFIG RELOAD
2021-02-25 13:14:32,883 [1] INFO : Stop keyboard and mouse hook
2021-02-25 13:14:32,883 [1] INFO : Loading configuration
2021-02-25 13:14:33,179 [1] INFO : configuration loaded
2021-02-25 13:14:33,179 [1] INFO : Keyboard hook started
2021-02-25 13:14:33,179 [1] INFO : Mouse hook started
2021-02-25 13:14:33,284 [1] INFO : CONFIG RELOAD SUCCESSFULLY ENDS
2021-02-25 13:15:25,594 [1] INFO : START CONFIG RELOAD
2021-02-25 13:15:25,594 [1] INFO : Stop keyboard and mouse hook
2021-02-25 13:15:25,594 [1] INFO : Loading configuration
2021-02-25 13:15:25,601 [1] INFO : configuration loaded
2021-02-25 13:15:25,601 [1] INFO : Keyboard hook started
2021-02-25 13:15:25,601 [1] INFO : Mouse hook started
2021-02-25 13:15:25,725 [1] INFO : CONFIG RELOAD SUCCESSFULLY ENDS
2021-02-25 13:22:35,711 [1] INFO : Loading configuration
2021-02-25 13:22:35,721 [1] INFO : configuration loaded
2021-02-25 13:22:35,727 [1] INFO : Keyboard hook started
2021-02-25 13:22:35,732 [1] INFO : Mouse hook started
2021-02-25 13:22:44,249 [1] INFO : START CONFIG RELOAD
2021-02-25 13:22:44,249 [1] INFO : Stop keyboard and mouse hook
2021-02-25 13:22:44,250 [1] INFO : Loading configuration
2021-02-25 13:22:44,254 [1] INFO : configuration loaded
2021-02-25 13:22:44,255 [1] INFO : Keyboard hook started
2021-02-25 13:22:44,255 [1] INFO : Mouse hook started
2021-02-25 13:22:44,264 [1] INFO : CONFIG RELOAD SUCCESSFULLY ENDS
2021-02-25 13:23:03,833 [1] WARN : No such combination
2021-02-25 13:23:19,795 [1] INFO : START CONFIG RELOAD
2021-02-25 13:23:19,795 [1] INFO : Stop keyboard and mouse hook
2021-02-25 13:23:19,795 [1] INFO : Loading configuration
2021-02-25 13:23:20,020 [1] INFO : configuration loaded
2021-02-25 13:23:20,021 [1] INFO : Keyboard hook started
2021-02-25 13:23:20,021 [1] INFO : Mouse hook started
2021-02-25 13:23:20,129 [1] INFO : CONFIG RELOAD SUCCESSFULLY ENDS
